<?xml version="1.0" encoding="UTF-8"?>
<!-- Generated by org.testng.reporters.JUnitReportReporter -->
<testsuite hostname="DESKTOP-M23TC60" failures="0" tests="1" name="com.demowebshop.tricentis.com.testCases.TC_001_AccountRegistrationTest" time="3.597" errors="0" timestamp="2023-10-28T00:55:21 IST" skipped="0">
  <testcase classname="com.demowebshop.tricentis.com.testCases.TC_001_AccountRegistrationTest" name="test_account_registration" time="3.597"/>
</testsuite> <!-- com.demowebshop.tricentis.com.testCases.TC_001_AccountRegistrationTest -->
