<?xml version="1.0" encoding="UTF-8"?>
<!-- Generated by org.testng.reporters.JUnitReportReporter -->
<testsuite hostname="DESKTOP-M23TC60" failures="0" tests="1" name="com.demowebshop.tricentis.com.testCases.TC_002_LoginTest" time="1.503" errors="0" timestamp="2023-10-28T00:55:21 IST" skipped="0">
  <testcase classname="com.demowebshop.tricentis.com.testCases.TC_002_LoginTest" name="test_Login" time="1.503"/>
</testsuite> <!-- com.demowebshop.tricentis.com.testCases.TC_002_LoginTest -->
